<?xml version="1.0" encoding="UTF-8"?>
<testng-results ignored="0" total="1" passed="1" failed="0" skipped="0">
  <reporter-output>
  </reporter-output>
  <suite started-at="2025-01-26T21:48:37 IST" name="Suite" finished-at="2025-01-26T21:48:46 IST" duration-ms="8449">
    <groups>
    </groups>
    <test started-at="2025-01-26T21:48:37 IST" name="Test" finished-at="2025-01-26T21:48:46 IST" duration-ms="8449">
      <class name="com.practice.Practice">
        <test-method signature="BrowserLaunch()[pri:0, instance:com.practice.Practice@16ec5519]" started-at="2025-01-26T21:48:37 IST" name="BrowserLaunch" finished-at="2025-01-26T21:48:46 IST" duration-ms="8405" status="PASS">
          <reporter-output>
          </reporter-output>
        </test-method> <!-- BrowserLaunch -->
      </class> <!-- com.practice.Practice -->
    </test> <!-- Test -->
  </suite> <!-- Suite -->
</testng-results>
