<?xml version="1.0" encoding="UTF-8"?>
<testng-results ignored="0" total="1" passed="1" failed="0" skipped="0">
  <reporter-output>
  </reporter-output>
  <suite started-at="2025-01-27T10:43:54 IST" name="Suite" finished-at="2025-01-27T10:44:04 IST" duration-ms="10248">
    <groups>
    </groups>
    <test started-at="2025-01-27T10:43:54 IST" name="Test" finished-at="2025-01-27T10:44:04 IST" duration-ms="10248">
      <class name="com.practice.Practice">
        <test-method signature="BrowserLaunch()[pri:0, instance:com.practice.Practice@145f66e3]" started-at="2025-01-27T10:43:54 IST" name="BrowserLaunch" finished-at="2025-01-27T10:44:04 IST" duration-ms="10197" status="PASS">
          <reporter-output>
          </reporter-output>
        </test-method> <!-- BrowserLaunch -->
      </class> <!-- com.practice.Practice -->
    </test> <!-- Test -->
  </suite> <!-- Suite -->
</testng-results>
